<?xml version="1.0" encoding="UTF-8"?>
<testsuite xmlns:xsi="http://www.w3.org/2001/XMLSchema-instance" xsi:noNamespaceSchemaLocation="https://maven.apache.org/surefire/maven-surefire-plugin/xsd/surefire-test-report-3.0.xsd" version="3.0" name="RestaurantTest" time="0.459" tests="5" errors="0" skipped="0" failures="0">
  <properties>
[...]
</properties>
  <testcase name="is_restaurant_open_should_return_false_if_time_is_outside_opening_and_closing_time" classname="RestaurantTest" time="0.452"/>
  <testcase name="removing_item_from_menu_should_decrease_menu_size_by_1" classname="RestaurantTest" time="0.001"/>
  <testcase name="is_restaurant_open_should_return_true_if_time_is_between_opening_and_closing_time" classname="RestaurantTest" time="0.001"/>
  <testcase name="adding_item_to_menu_should_increase_menu_size_by_1" classname="RestaurantTest" time="0.002"/>
  <testcase name="removing_item_that_does_not_exist_should_throw_exception" classname="RestaurantTest" time="0.001"/>
</testsuite>